<?xml version="1.0" encoding="UTF-8"?>
<!-- Generated by org.testng.reporters.JUnitReportReporter -->
<testsuite skipped="0" hostname="PINL28NQM13" name="com.Banking.testCases.LoginTest" tests="1" failures="0" timestamp="2021-09-28T10:20:24 IST" time="4.342" errors="0">
  <testcase name="loginTest" time="4.342" classname="com.Banking.testCases.LoginTest"/>
  <system-out/>
</testsuite> <!-- com.Banking.testCases.LoginTest -->
